<?xml version="1.0" encoding="UTF-8"?>
<!-- Generated by org.testng.reporters.JUnitReportReporter -->
<testsuite hostname="DESKTOP-73GTT7A" failures="0" tests="1" name="TestProject2" time="0.022" errors="0" timestamp="2023-10-23T13:15:13 EET" skipped="0">
  <testcase classname="TestProject2" name="MyTest" time="0.022"/>
  <system-out/>
</testsuite> <!-- TestProject2 -->
